<?xml version="1.0" encoding="UTF-8"?>
<testng-results skipped="0" failed="1" ignored="0" total="1" passed="0">
  <reporter-output>
  </reporter-output>
  <suite name="Default suite" duration-ms="26733" started-at="2020-10-01T17:49:04 PKT" finished-at="2020-10-01T17:49:31 PKT">
    <groups>
    </groups>
    <test name="Default test" duration-ms="26733" started-at="2020-10-01T17:49:04 PKT" finished-at="2020-10-01T17:49:31 PKT">
      <class name="betechcom.betech.qa.test.LoginTest">
        <test-method status="PASS" signature="SetUp()[pri:0, instance:betechcom.betech.qa.test.LoginTest@1e202ad]" name="SetUp" is-config="true" duration-ms="12431" started-at="2020-10-01T17:49:04 PKT" finished-at="2020-10-01T17:49:16 PKT">
          <reporter-output>
          </reporter-output>
        </test-method> <!-- SetUp -->
        <test-method status="FAIL" signature="test1()[pri:0, instance:betechcom.betech.qa.test.LoginTest@1e202ad]" name="test1" duration-ms="14203" started-at="2020-10-01T17:49:16 PKT" finished-at="2020-10-01T17:49:31 PKT">
          <exception class="com.google.code.javax.mail.AuthenticationFailedException">
            <message>
              <![CDATA[[AUTHENTICATIONFAILED] Invalid credentials (Failure)]]>
            </message>
            <full-stacktrace>
              <![CDATA[com.google.code.javax.mail.AuthenticationFailedException: [AUTHENTICATIONFAILED] Invalid credentials (Failure)
at com.google.code.com.sun.mail.imap.IMAPStore.protocolConnect(IMAPStore.java:660)
at com.google.code.javax.mail.Service.connect(Service.java:295)
at com.google.code.javax.mail.Service.connect(Service.java:176)
at com.betech.qa.pages.loginPage.login(loginPage.java:165)
at betechcom.betech.qa.test.LoginTest.test1(LoginTest.java:51)
at sun.reflect.NativeMethodAccessorImpl.invoke0(Native Method)
at sun.reflect.NativeMethodAccessorImpl.invoke(NativeMethodAccessorImpl.java:62)
at sun.reflect.DelegatingMethodAccessorImpl.invoke(DelegatingMethodAccessorImpl.java:43)
at java.lang.reflect.Method.invoke(Method.java:498)
at org.testng.internal.MethodInvocationHelper.invokeMethod(MethodInvocationHelper.java:133)
at org.testng.internal.TestInvoker.invokeMethod(TestInvoker.java:584)
at org.testng.internal.TestInvoker.invokeTestMethod(TestInvoker.java:172)
at org.testng.internal.MethodRunner.runInSequence(MethodRunner.java:46)
at org.testng.internal.TestInvoker$MethodInvocationAgent.invoke(TestInvoker.java:804)
at org.testng.internal.TestInvoker.invokeTestMethods(TestInvoker.java:145)
at org.testng.internal.TestMethodWorker.invokeTestMethods(TestMethodWorker.java:146)
at org.testng.internal.TestMethodWorker.run(TestMethodWorker.java:128)
at java.util.ArrayList.forEach(ArrayList.java:1257)
at org.testng.TestRunner.privateRun(TestRunner.java:770)
at org.testng.TestRunner.run(TestRunner.java:591)
at org.testng.SuiteRunner.runTest(SuiteRunner.java:402)
at org.testng.SuiteRunner.runSequentially(SuiteRunner.java:396)
at org.testng.SuiteRunner.privateRun(SuiteRunner.java:355)
at org.testng.SuiteRunner.run(SuiteRunner.java:304)
at org.testng.SuiteRunnerWorker.runSuite(SuiteRunnerWorker.java:53)
at org.testng.SuiteRunnerWorker.run(SuiteRunnerWorker.java:96)
at org.testng.TestNG.runSuitesSequentially(TestNG.java:1180)
at org.testng.TestNG.runSuitesLocally(TestNG.java:1102)
at org.testng.TestNG.runSuites(TestNG.java:1032)
at org.testng.TestNG.run(TestNG.java:1000)
at org.testng.remote.AbstractRemoteTestNG.run(AbstractRemoteTestNG.java:115)
at org.testng.remote.RemoteTestNG.initAndRun(RemoteTestNG.java:251)
at org.testng.remote.RemoteTestNG.main(RemoteTestNG.java:77)
]]>
            </full-stacktrace>
          </exception> <!-- com.google.code.javax.mail.AuthenticationFailedException -->
          <reporter-output>
          </reporter-output>
        </test-method> <!-- test1 -->
        <test-method status="PASS" signature="teardown()[pri:0, instance:betechcom.betech.qa.test.LoginTest@1e202ad]" name="teardown" is-config="true" duration-ms="1" started-at="2020-10-01T17:49:31 PKT" finished-at="2020-10-01T17:49:31 PKT">
          <reporter-output>
          </reporter-output>
        </test-method> <!-- teardown -->
      </class> <!-- betechcom.betech.qa.test.LoginTest -->
    </test> <!-- Default test -->
  </suite> <!-- Default suite -->
</testng-results>
